<?xml version="1.0" encoding="UTF-8"?>
<!-- Generated by org.testng.reporters.JUnitReportReporter -->
<testsuite hostname="DESKTOP-7JC2SGC" failures="0" tests="5" name="testBooking_api.TestBooking" time="13.671" errors="0" timestamp="2025-05-09T14:47:30 IST" skipped="0">
  <testcase classname="testBooking_api.TestBooking" name="getToken" time="3.643"/>
  <testcase classname="testBooking_api.TestBooking" name="createBooking_Test" time="2.900"/>
  <testcase classname="testBooking_api.TestBooking" name="getBooking_Test" time="2.423"/>
  <testcase classname="testBooking_api.TestBooking" name="updateBooking_Test" time="2.354"/>
  <testcase classname="testBooking_api.TestBooking" name="deleteBooking_Test" time="2.351"/>
</testsuite> <!-- testBooking_api.TestBooking -->
