<?xml version="1.0" encoding="UTF-8"?>
<!-- Generated by org.testng.reporters.JUnitReportReporter -->
<testsuite hostname="DESKTOP-7JC2SGC" failures="0" tests="2" name="POJO_Body.CreateUser" time="1.926" errors="0" timestamp="2025-04-29T16:35:32 IST" skipped="0">
  <testcase classname="POJO_Body.CreateUser" name="getUser" time="1.863"/>
  <testcase classname="POJO_Body.CreateUser" name="delete" time="0.063"/>
</testsuite> <!-- POJO_Body.CreateUser -->
