<?xml version="1.0" encoding="UTF-8"?>
<!-- Generated by org.testng.reporters.JUnitReportReporter -->
<testsuite hostname="DESKTOP-7JC2SGC" failures="0" tests="4" name="api.test.MyTest" time="2.269" errors="0" timestamp="2025-05-01T22:00:25 IST" skipped="0">
  <testcase classname="api.test.MyTest" name="postTest" time="2.176"/>
  <testcase classname="api.test.MyTest" name="getTest" time="0.032"/>
  <testcase classname="api.test.MyTest" name="putTest" time="0.036"/>
  <testcase classname="api.test.MyTest" name="deleteTest" time="0.025"/>
</testsuite> <!-- api.test.MyTest -->
