<?xml version="1.0" encoding="UTF-8"?>
<!-- Generated by org.testng.reporters.JUnitReportReporter -->
<testsuite hostname="DESKTOP-7JC2SGC" failures="0" tests="5" name="testRunner.TestRunner" time="41.245" errors="0" timestamp="2025-05-04T00:27:51 IST" skipped="0">
  <testcase classname="testRunner.TestRunner" name="runScenario" time="8.686"/>
  <testcase classname="testRunner.TestRunner" name="runScenario" time="8.600"/>
  <testcase classname="testRunner.TestRunner" name="runScenario" time="6.872"/>
  <testcase classname="testRunner.TestRunner" name="runScenario" time="9.777"/>
  <testcase classname="testRunner.TestRunner" name="runScenario" time="7.310"/>
</testsuite> <!-- testRunner.TestRunner -->
